<?xml version="1.0" encoding="UTF-8"?>
<testng-results skipped="0" failed="0" ignored="0" total="6" passed="6">
  <reporter-output>
  </reporter-output>
  <suite name="Suite" duration-ms="42221" started-at="2017-11-20T09:29:46Z" finished-at="2017-11-20T09:30:28Z">
    <groups>
    </groups>
    <test name="CRM Testing Regression" duration-ms="42221" started-at="2017-11-20T09:29:46Z" finished-at="2017-11-20T09:30:28Z">
      <class name="com.crm.qa.testcases.ContactsPageTest">
        <test-method status="PASS" signature="setup()[pri:0, instance:com.crm.qa.testcases.ContactsPageTest@327471b5]" name="setup" is-config="true" duration-ms="16605" started-at="2017-11-20T14:59:46Z" finished-at="2017-11-20T15:00:03Z">
          <reporter-output>
          </reporter-output>
        </test-method> <!-- setup -->
        <test-method status="PASS" signature="verifyContactsLabel()[pri:1, instance:com.crm.qa.testcases.ContactsPageTest@327471b5]" name="verifyContactsLabel" duration-ms="79" started-at="2017-11-20T15:00:03Z" finished-at="2017-11-20T15:00:03Z">
          <reporter-output>
          </reporter-output>
        </test-method> <!-- verifyContactsLabel -->
        <test-method status="PASS" signature="selectAContact()[pri:2, instance:com.crm.qa.testcases.ContactsPageTest@327471b5]" name="selectAContact" duration-ms="682" started-at="2017-11-20T15:00:03Z" finished-at="2017-11-20T15:00:03Z">
          <reporter-output>
          </reporter-output>
        </test-method> <!-- selectAContact -->
        <test-method status="PASS" signature="addContact(java.lang.String, java.lang.String, java.lang.String, java.lang.String)[pri:3, instance:com.crm.qa.testcases.ContactsPageTest@327471b5]" name="addContact" duration-ms="7100" started-at="2017-11-20T15:00:04Z" data-provider="getTestData" finished-at="2017-11-20T15:00:11Z">
          <params>
            <param index="0">
              <value>
                <![CDATA[Sir]]>
              </value>
            </param>
            <param index="1">
              <value>
                <![CDATA[Bruce]]>
              </value>
            </param>
            <param index="2">
              <value>
                <![CDATA[Wayne]]>
              </value>
            </param>
            <param index="3">
              <value>
                <![CDATA[EPAM]]>
              </value>
            </param>
          </params>
          <reporter-output>
          </reporter-output>
        </test-method> <!-- addContact -->
        <test-method status="PASS" signature="addContact(java.lang.String, java.lang.String, java.lang.String, java.lang.String)[pri:3, instance:com.crm.qa.testcases.ContactsPageTest@327471b5]" name="addContact" duration-ms="5778" started-at="2017-11-20T15:00:11Z" data-provider="getTestData" finished-at="2017-11-20T15:00:17Z">
          <params>
            <param index="0">
              <value>
                <![CDATA[Miss]]>
              </value>
            </param>
            <param index="1">
              <value>
                <![CDATA[Jimmy]]>
              </value>
            </param>
            <param index="2">
              <value>
                <![CDATA[Case]]>
              </value>
            </param>
            <param index="3">
              <value>
                <![CDATA[Musica]]>
              </value>
            </param>
          </params>
          <reporter-output>
          </reporter-output>
        </test-method> <!-- addContact -->
        <test-method status="PASS" signature="addContact(java.lang.String, java.lang.String, java.lang.String, java.lang.String)[pri:3, instance:com.crm.qa.testcases.ContactsPageTest@327471b5]" name="addContact" duration-ms="4789" started-at="2017-11-20T15:00:17Z" data-provider="getTestData" finished-at="2017-11-20T15:00:22Z">
          <params>
            <param index="0">
              <value>
                <![CDATA[Miss]]>
              </value>
            </param>
            <param index="1">
              <value>
                <![CDATA[Carl]]>
              </value>
            </param>
            <param index="2">
              <value>
                <![CDATA[Cruger]]>
              </value>
            </param>
            <param index="3">
              <value>
                <![CDATA[Sony Music]]>
              </value>
            </param>
          </params>
          <reporter-output>
          </reporter-output>
        </test-method> <!-- addContact -->
        <test-method status="PASS" signature="addContact(java.lang.String, java.lang.String, java.lang.String, java.lang.String)[pri:3, instance:com.crm.qa.testcases.ContactsPageTest@327471b5]" name="addContact" duration-ms="5738" started-at="2017-11-20T15:00:22Z" data-provider="getTestData" finished-at="2017-11-20T15:00:27Z">
          <params>
            <param index="0">
              <value>
                <![CDATA[Sir]]>
              </value>
            </param>
            <param index="1">
              <value>
                <![CDATA[Jesse]]>
              </value>
            </param>
            <param index="2">
              <value>
                <![CDATA[James]]>
              </value>
            </param>
            <param index="3">
              <value>
                <![CDATA[Fairy World]]>
              </value>
            </param>
          </params>
          <reporter-output>
          </reporter-output>
        </test-method> <!-- addContact -->
        <test-method status="PASS" signature="exit()[pri:0, instance:com.crm.qa.testcases.ContactsPageTest@327471b5]" name="exit" is-config="true" duration-ms="742" started-at="2017-11-20T15:00:27Z" finished-at="2017-11-20T15:00:28Z">
          <reporter-output>
          </reporter-output>
        </test-method> <!-- exit -->
      </class> <!-- com.crm.qa.testcases.ContactsPageTest -->
    </test> <!-- CRM Testing Regression -->
  </suite> <!-- Suite -->
</testng-results>
